<?xml version="1.0"?><coverage lines-covered="285" lines-valid="730" line-rate="0.3904109589041096" branches-covered="0" branches-valid="0" branch-rate="0" complexity="0" version="1.9" timestamp="1751479471"><sources><source>/Users/mp/Documents/Code/claude-code/projects/secretscanner</source></sources><packages><package name="tests" line-rate="0" branch-rate="0" complexity="0"><classes></classes></package><package name="src" line-rate="0.3904109589041096" branch-rate="0" complexity="0"><classes><class name="context" filename="src/context.rs" line-rate="0.9736842105263158" branch-rate="0" complexity="0"><methods/><lines><line number="15" hits="62"/><line number="21" hits="62"/><line number="28" hits="62"/><line number="29" hits="62"/><line number="33" hits="5"/><line number="39" hits="5"/><line number="44" hits="220174"/><line number="45" hits="220174"/><line number="46" hits="220174"/><line number="49" hits="220174"/><line number="50" hits="2201245"/><line number="51" hits="9905527"/><line number="53" hits="12"/><line number="58" hits="220162"/><line number="59" hits="2201131"/><line number="60" hits="11"/><line number="61" hits="1981007"/><line number="62" hits="11886008"/><line number="65" hits="11"/><line number="70" hits="220151"/><line number="71" hits="2201028"/><line number="72" hits="7"/><line number="73" hits="1980915"/><line number="74" hits="9904556"/><line number="77" hits="7"/><line number="82" hits="220147"/><line number="83" hits="2"/><line number="84" hits="1"/><line number="88" hits="220143"/><line number="92" hits="15065"/><line number="93" hits="15065"/><line number="94" hits="44"/><line number="97" hits="15021"/><line number="98" hits="15021"/><line number="101" hits="15021"/><line number="102" hits="15021"/><line number="103" hits="15021"/><line number="104" hits="15021"/><line number="105" hits="15021"/><line number="106" hits="15021"/><line number="107" hits="15021"/><line number="108" hits="15021"/><line number="109" hits="15021"/><line number="110" hits="15021"/><line number="111" hits="15021"/><line number="112" hits="15021"/><line number="113" hits="15021"/><line number="117" hits="375211"/><line number="119" hits="180104"/><line number="120" hits="17"/><line number="124" hits="180087"/><line number="125" hits="180087"/><line number="126" hits="180086"/><line number="127" hits="180086"/><line number="129" hits="1"/><line number="134" hits="15003"/><line number="138" hits="180104"/><line number="140" hits="180104"/><line number="141" hits="180104"/><line number="142" hits="180104"/><line number="143" hits="180104"/><line number="144" hits="180104"/><line number="145" hits="180104"/><line number="146" hits="180104"/><line number="147" hits="180104"/><line number="148" hits="180104"/><line number="151" hits="3061537"/><line number="152" hits="1440725"/><line number="153" hits="17"/><line number="158" hits="180087"/><line number="159" hits="180087"/><line number="160" hits="180087"/><line number="163" hits="900435"/><line number="164" hits="720348"/><line number="166" hits="0"/><line number="171" hits="180087"/><line number="175" hits="15003"/><line number="176" hits="15003"/><line number="179" hits="15003"/><line number="180" hits="15003"/><line number="181" hits="15003"/><line number="182" hits="15003"/><line number="183" hits="15003"/><line number="184" hits="15003"/><line number="185" hits="15003"/><line number="186" hits="15003"/><line number="187" hits="15003"/><line number="188" hits="15003"/><line number="189" hits="15003"/><line number="193" hits="315029"/><line number="194" hits="300026"/><line number="195" hits="2"/><line number="200" hits="15001"/><line number="201" hits="0"/><line number="205" hits="15001"/><line number="206" hits="15001"/><line number="207" hits="15001"/><line number="208" hits="15001"/><line number="209" hits="15001"/><line number="211" hits="0"/><line number="214" hits="15001"/><line number="218" hits="15008"/><line number="219" hits="15008"/><line number="221" hits="2"/><line number="225" hits="15006"/><line number="228" hits="1218332"/><line number="229" hits="1"/><line number="233" hits="30010"/><line number="234" hits="6"/><line number="235" hits="6"/><line number="236" hits="2"/><line number="240" hits="15003"/><line number="244" hits="1"/><line number="245" hits="1"/></lines></class><class name="entropy" filename="src/entropy.rs" line-rate="0.7333333333333333" branch-rate="0" complexity="0"><methods/><lines><line number="3" hits="15080"/><line number="4" hits="15080"/><line number="5" hits="2"/><line number="8" hits="15078"/><line number="9" hits="15078"/><line number="12" hits="377084"/><line number="13" hits="0"/><line number="17" hits="0"/><line number="18" hits="278528"/><line number="19" hits="0"/><line number="20" hits="278528"/><line number="21" hits="278528"/><line number="25" hits="0"/><line number="28" hits="10"/><line number="29" hits="10"/></lines></class><class name="main" filename="src/main.rs" line-rate="0" branch-rate="0" complexity="0"><methods/><lines><line number="16" hits="0"/><line number="17" hits="0"/><line number="18" hits="0"/><line number="19" hits="0"/><line number="20" hits="0"/><line number="25" hits="0"/><line number="26" hits="0"/><line number="31" hits="0"/><line number="32" hits="0"/><line number="33" hits="0"/><line number="34" hits="0"/><line number="35" hits="0"/><line number="38" hits="0"/><line number="39" hits="0"/><line number="40" hits="0"/><line number="41" hits="0"/><line number="42" hits="0"/><line number="43" hits="0"/><line number="44" hits="0"/><line number="47" hits="0"/><line number="48" hits="0"/><line number="49" hits="0"/><line number="50" hits="0"/><line number="51" hits="0"/><line number="54" hits="0"/><line number="55" hits="0"/><line number="56" hits="0"/><line number="57" hits="0"/><line number="58" hits="0"/><line number="61" hits="0"/><line number="62" hits="0"/><line number="63" hits="0"/><line number="64" hits="0"/><line number="68" hits="0"/><line number="69" hits="0"/><line number="70" hits="0"/><line number="71" hits="0"/><line number="72" hits="0"/><line number="75" hits="0"/><line number="76" hits="0"/><line number="77" hits="0"/><line number="78" hits="0"/><line number="79" hits="0"/><line number="81" hits="0"/><line number="85" hits="0"/><line number="86" hits="0"/><line number="87" hits="0"/><line number="88" hits="0"/><line number="89" hits="0"/><line number="94" hits="0"/><line number="95" hits="0"/><line number="97" hits="0"/><line number="101" hits="0"/><line number="102" hits="0"/><line number="103" hits="0"/><line number="104" hits="0"/><line number="105" hits="0"/><line number="106" hits="0"/><line number="107" hits="0"/><line number="109" hits="0"/><line number="110" hits="0"/><line number="112" hits="0"/><line number="116" hits="0"/><line number="117" hits="0"/><line number="118" hits="0"/><line number="119" hits="0"/><line number="120" hits="0"/><line number="121" hits="0"/><line number="122" hits="0"/><line number="125" hits="0"/><line number="127" hits="0"/><line number="128" hits="0"/><line number="129" hits="0"/><line number="131" hits="0"/><line number="132" hits="0"/><line number="137" hits="0"/><line number="138" hits="0"/><line number="139" hits="0"/><line number="140" hits="0"/><line number="141" hits="0"/><line number="142" hits="0"/><line number="146" hits="0"/><line number="147" hits="0"/><line number="149" hits="0"/><line number="151" hits="0"/><line number="152" hits="0"/><line number="153" hits="0"/><line number="154" hits="0"/><line number="156" hits="0"/><line number="157" hits="0"/><line number="158" hits="0"/><line number="165" hits="0"/><line number="166" hits="0"/><line number="167" hits="0"/><line number="168" hits="0"/><line number="169" hits="0"/><line number="170" hits="0"/><line number="171" hits="0"/><line number="173" hits="0"/><line number="175" hits="0"/><line number="176" hits="0"/><line number="179" hits="0"/><line number="183" hits="0"/><line number="184" hits="0"/><line number="186" hits="0"/></lines></class><class name="output" filename="src/output.rs" line-rate="0.46153846153846156" branch-rate="0" complexity="0"><methods/><lines><line number="5" hits="4"/><line number="6" hits="4"/><line number="9" hits="4"/><line number="10" hits="4"/><line number="11" hits="2"/><line number="14" hits="2"/><line number="16" hits="6"/><line number="17" hits="0"/><line number="18" hits="0"/><line number="19" hits="0"/><line number="20" hits="0"/><line number="21" hits="0"/><line number="22" hits="0"/><line number="23" hits="0"/><line number="24" hits="0"/><line number="28" hits="0"/><line number="31" hits="2"/><line number="32" hits="2"/><line number="33" hits="0"/><line number="36" hits="2"/><line number="37" hits="10"/><line number="38" hits="0"/><line number="41" hits="0"/><line number="42" hits="10"/><line number="43" hits="0"/><line number="46" hits="0"/></lines></class><class name="patterns" filename="src/patterns.rs" line-rate="1" branch-rate="0" complexity="0"><methods/><lines><line number="33" hits="8"/><line number="34" hits="8"/><line number="37" hits="48"/><line number="38" hits="48"/><line number="39" hits="48"/><line number="40" hits="48"/><line number="41" hits="48"/><line number="42" hits="48"/><line number="43" hits="48"/><line number="44" hits="48"/><line number="45" hits="48"/><line number="46" hits="48"/><line number="47" hits="48"/><line number="48" hits="48"/><line number="49" hits="48"/></lines></class><class name="safla_integration" filename="src/safla_integration.rs" line-rate="0.06611570247933884" branch-rate="0" complexity="0"><methods/><lines><line number="45" hits="40"/><line number="47" hits="40"/><line number="48" hits="40"/><line number="54" hits="0"/><line number="55" hits="0"/><line number="56" hits="0"/><line number="57" hits="0"/><line number="61" hits="0"/><line number="62" hits="0"/><line number="63" hits="0"/><line number="67" hits="0"/><line number="68" hits="0"/><line number="69" hits="0"/><line number="73" hits="0"/><line number="77" hits="0"/><line number="78" hits="0"/><line number="81" hits="0"/><line number="82" hits="0"/><line number="83" hits="0"/><line number="85" hits="0"/><line number="86" hits="0"/><line number="88" hits="0"/><line number="89" hits="0"/><line number="90" hits="0"/><line number="91" hits="0"/><line number="98" hits="0"/><line number="99" hits="0"/><line number="101" hits="0"/><line number="102" hits="0"/><line number="104" hits="0"/><line number="105" hits="0"/><line number="107" hits="0"/><line number="109" hits="0"/><line number="110" hits="0"/><line number="112" hits="0"/><line number="115" hits="0"/><line number="116" hits="0"/><line number="123" hits="0"/><line number="127" hits="0"/><line number="133" hits="0"/><line number="138" hits="0"/><line number="142" hits="0"/><line number="146" hits="0"/><line number="147" hits="0"/><line number="150" hits="0"/><line number="152" hits="0"/><line number="153" hits="0"/><line number="156" hits="0"/><line number="157" hits="0"/><line number="158" hits="0"/><line number="163" hits="0"/><line number="168" hits="0"/><line number="171" hits="0"/><line number="173" hits="0"/><line number="174" hits="0"/><line number="175" hits="0"/><line number="176" hits="0"/><line number="179" hits="0"/><line number="181" hits="0"/><line number="183" hits="0"/><line number="184" hits="0"/><line number="185" hits="0"/><line number="186" hits="0"/><line number="187" hits="0"/><line number="188" hits="0"/><line number="193" hits="0"/><line number="196" hits="0"/><line number="199" hits="0"/><line number="200" hits="0"/><line number="202" hits="0"/><line number="206" hits="0"/><line number="207" hits="0"/><line number="209" hits="0"/><line number="213" hits="0"/><line number="214" hits="0"/><line number="215" hits="0"/><line number="217" hits="0"/><line number="219" hits="0"/><line number="220" hits="0"/><line number="221" hits="0"/><line number="223" hits="0"/><line number="226" hits="0"/><line number="227" hits="0"/><line number="229" hits="0"/><line number="230" hits="0"/><line number="232" hits="0"/><line number="233" hits="0"/><line number="237" hits="0"/><line number="241" hits="0"/><line number="242" hits="0"/><line number="244" hits="0"/><line number="245" hits="0"/><line number="247" hits="0"/><line number="248" hits="0"/><line number="250" hits="0"/><line number="251" hits="0"/><line number="253" hits="0"/><line number="254" hits="0"/><line number="256" hits="0"/><line number="257" hits="0"/><line number="260" hits="0"/><line number="264" hits="2"/><line number="265" hits="2"/><line number="266" hits="2"/><line number="267" hits="2"/><line number="268" hits="2"/><line number="272" hits="0"/><line number="273" hits="0"/><line number="274" hits="0"/><line number="286" hits="0"/><line number="293" hits="0"/><line number="294" hits="0"/><line number="295" hits="0"/><line number="298" hits="0"/><line number="299" hits="0"/><line number="300" hits="0"/><line number="301" hits="0"/><line number="302" hits="0"/><line number="303" hits="0"/><line number="304" hits="0"/><line number="308" hits="0"/></lines></class><class name="scanner" filename="src/scanner.rs" line-rate="0.38323353293413176" branch-rate="0" complexity="0"><methods/><lines><line number="24" hits="0"/><line number="25" hits="0"/><line number="32" hits="2"/><line number="34" hits="2"/><line number="46" hits="38"/><line number="47" hits="38"/><line number="48" hits="38"/><line number="49" hits="38"/><line number="50" hits="38"/><line number="54" hits="10"/><line number="55" hits="10"/><line number="56" hits="10"/><line number="57" hits="10"/><line number="58" hits="10"/><line number="62" hits="2"/><line number="63" hits="2"/><line number="64" hits="6"/><line number="65" hits="0"/><line number="68" hits="2"/><line number="69" hits="2"/><line number="70" hits="2"/><line number="71" hits="2"/><line number="76" hits="0"/><line number="77" hits="0"/><line number="78" hits="0"/><line number="79" hits="0"/><line number="80" hits="0"/><line number="85" hits="10"/><line number="86" hits="10"/><line number="90" hits="0"/><line number="91" hits="0"/><line number="94" hits="46"/><line number="95" hits="46"/><line number="99" hits="46"/><line number="101" hits="46"/><line number="102" hits="46"/><line number="105" hits="46"/><line number="113" hits="220818"/><line number="114" hits="662270"/><line number="115" hits="220314"/><line number="117" hits="2422832"/><line number="118" hits="102"/><line number="121" hits="220166"/><line number="125" hits="46"/><line number="128" hits="46"/><line number="131" hits="92"/><line number="132" hits="440326"/><line number="133" hits="220140"/><line number="134" hits="0"/><line number="140" hits="46"/><line number="141" hits="46"/><line number="144" hits="46"/><line number="145" hits="46"/><line number="147" hits="198"/><line number="148" hits="152"/><line number="149" hits="152"/><line number="150" hits="152"/><line number="151" hits="152"/><line number="153" hits="304"/><line number="154" hits="440432"/><line number="155" hits="0"/><line number="156" hits="220138"/><line number="157" hits="220138"/><line number="158" hits="11124"/><line number="159" hits="0"/><line number="163" hits="2"/><line number="167" hits="0"/><line number="171" hits="46"/><line number="174" hits="46"/><line number="175" hits="46"/><line number="177" hits="22294"/><line number="178" hits="0"/><line number="182" hits="350"/><line number="183" hits="0"/><line number="186" hits="46"/><line number="190" hits="0"/><line number="191" hits="0"/><line number="194" hits="0"/><line number="202" hits="0"/><line number="203" hits="0"/><line number="207" hits="0"/><line number="209" hits="0"/><line number="211" hits="0"/><line number="212" hits="0"/><line number="216" hits="0"/><line number="218" hits="0"/><line number="222" hits="0"/><line number="223" hits="0"/><line number="226" hits="0"/><line number="229" hits="0"/><line number="230" hits="0"/><line number="234" hits="0"/><line number="235" hits="0"/><line number="236" hits="0"/><line number="237" hits="0"/><line number="240" hits="0"/><line number="241" hits="0"/><line number="243" hits="0"/><line number="248" hits="0"/><line number="249" hits="0"/><line number="250" hits="0"/><line number="251" hits="0"/><line number="253" hits="0"/><line number="254" hits="0"/><line number="255" hits="0"/><line number="258" hits="0"/><line number="259" hits="0"/><line number="260" hits="0"/><line number="263" hits="0"/><line number="264" hits="0"/><line number="267" hits="0"/><line number="269" hits="0"/><line number="270" hits="0"/><line number="271" hits="0"/><line number="272" hits="0"/><line number="273" hits="0"/><line number="274" hits="0"/><line number="275" hits="0"/><line number="281" hits="0"/><line number="285" hits="0"/><line number="289" hits="0"/><line number="290" hits="0"/><line number="291" hits="0"/><line number="292" hits="0"/><line number="296" hits="0"/><line number="297" hits="0"/><line number="298" hits="0"/><line number="302" hits="0"/><line number="303" hits="0"/><line number="304" hits="0"/><line number="306" hits="0"/><line number="307" hits="0"/><line number="309" hits="0"/><line number="310" hits="0"/><line number="311" hits="0"/><line number="313" hits="0"/><line number="319" hits="0"/><line number="320" hits="0"/><line number="322" hits="0"/><line number="326" hits="0"/><line number="327" hits="0"/><line number="329" hits="0"/><line number="332" hits="0"/><line number="335" hits="0"/><line number="336" hits="0"/><line number="339" hits="0"/><line number="340" hits="0"/><line number="341" hits="0"/><line number="344" hits="0"/><line number="345" hits="0"/><line number="348" hits="0"/><line number="350" hits="0"/><line number="351" hits="0"/><line number="352" hits="0"/><line number="353" hits="0"/><line number="354" hits="0"/><line number="355" hits="0"/><line number="356" hits="0"/><line number="363" hits="0"/><line number="364" hits="0"/><line number="366" hits="0"/><line number="370" hits="0"/><line number="372" hits="0"/><line number="373" hits="0"/><line number="375" hits="0"/><line number="376" hits="0"/><line number="377" hits="0"/><line number="379" hits="0"/><line number="380" hits="0"/><line number="382" hits="0"/><line number="383" hits="0"/><line number="384" hits="0"/><line number="385" hits="0"/><line number="386" hits="0"/><line number="387" hits="0"/><line number="388" hits="0"/><line number="394" hits="0"/><line number="398" hits="0"/><line number="402" hits="0"/><line number="403" hits="0"/><line number="404" hits="0"/><line number="406" hits="0"/><line number="407" hits="0"/><line number="410" hits="0"/><line number="411" hits="0"/><line number="412" hits="0"/><line number="415" hits="0"/><line number="416" hits="0"/><line number="419" hits="0"/><line number="421" hits="0"/><line number="422" hits="0"/><line number="423" hits="0"/><line number="424" hits="0"/><line number="425" hits="0"/><line number="426" hits="0"/><line number="427" hits="0"/><line number="433" hits="0"/><line number="437" hits="220140"/><line number="442" hits="220140"/><line number="446" hits="220140"/><line number="451" hits="440280"/><line number="452" hits="220140"/><line number="453" hits="0"/><line number="456" hits="0"/><line number="457" hits="4"/><line number="459" hits="220136"/><line number="464" hits="220136"/><line number="470" hits="220136"/><line number="471" hits="220136"/><line number="472" hits="220136"/><line number="474" hits="2162466"/><line number="475" hits="1942330"/><line number="476" hits="3884660"/><line number="479" hits="40788888"/><line number="480" hits="14116"/><line number="481" hits="0"/><line number="484" hits="0"/><line number="485" hits="14"/><line number="488" hits="14102"/><line number="490" hits="14102"/><line number="491" hits="14102"/><line number="492" hits="14102"/><line number="493" hits="14102"/><line number="494" hits="14102"/><line number="495" hits="14102"/><line number="496" hits="14102"/><line number="502" hits="220134"/><line number="506" hits="4"/><line number="514" hits="4"/><line number="515" hits="4"/><line number="516" hits="4"/><line number="517" hits="4"/><line number="520" hits="120"/><line number="521" hits="0"/><line number="522" hits="0"/><line number="525" hits="60"/><line number="526" hits="60"/><line number="527" hits="0"/><line number="528" hits="0"/><line number="529" hits="0"/><line number="530" hits="0"/><line number="531" hits="0"/><line number="532" hits="0"/><line number="534" hits="0"/><line number="539" hits="0"/><line number="540" hits="4"/><line number="542" hits="56"/><line number="545" hits="0"/><line number="546" hits="0"/><line number="547" hits="4"/><line number="549" hits="56"/><line number="552" hits="939016"/><line number="553" hits="0"/><line number="555" hits="19719336"/><line number="556" hits="940"/><line number="557" hits="0"/><line number="559" hits="940"/><line number="560" hits="940"/><line number="562" hits="940"/><line number="563" hits="940"/><line number="564" hits="940"/><line number="565" hits="940"/><line number="566" hits="940"/><line number="567" hits="940"/><line number="568" hits="940"/><line number="575" hits="0"/><line number="576" hits="56"/><line number="578" hits="4"/><line number="581" hits="0"/><line number="582" hits="4"/><line number="583" hits="0"/><line number="585" hits="0"/><line number="586" hits="0"/><line number="587" hits="0"/><line number="589" hits="0"/><line number="590" hits="0"/><line number="592" hits="0"/><line number="593" hits="0"/><line number="594" hits="0"/><line number="595" hits="0"/><line number="596" hits="0"/><line number="597" hits="0"/><line number="598" hits="0"/><line number="604" hits="0"/><line number="608" hits="4"/><line number="612" hits="0"/><line number="613" hits="0"/><line number="615" hits="0"/><line number="617" hits="0"/><line number="618" hits="0"/><line number="619" hits="0"/><line number="620" hits="0"/><line number="623" hits="0"/><line number="624" hits="0"/><line number="628" hits="0"/><line number="629" hits="0"/><line number="630" hits="0"/><line number="632" hits="0"/><line number="633" hits="0"/><line number="635" hits="0"/><line number="636" hits="0"/><line number="637" hits="0"/><line number="639" hits="0"/><line number="641" hits="0"/><line number="645" hits="0"/><line number="647" hits="0"/><line number="648" hits="0"/><line number="650" hits="0"/><line number="651" hits="0"/><line number="652" hits="0"/><line number="653" hits="0"/><line number="658" hits="0"/><line number="663" hits="2"/><line number="664" hits="6"/><line number="668" hits="0"/><line number="669" hits="0"/><line number="670" hits="0"/><line number="675" hits="12"/><line number="677" hits="12"/><line number="680" hits="12"/><line number="683" hits="12"/><line number="686" hits="12"/><line number="689" hits="12"/><line number="692" hits="24"/><line number="693" hits="0"/><line number="695" hits="12"/><line number="698" hits="12"/><line number="699" hits="12"/><line number="701" hits="24"/><line number="702" hits="0"/><line number="704" hits="12"/><line number="707" hits="12"/><line number="711" hits="0"/><line number="715" hits="0"/></lines></class></classes></package><package name="benches" line-rate="0" branch-rate="0" complexity="0"><classes></classes></package><package name="" line-rate="0.3904109589041096" branch-rate="0" complexity="0"><classes></classes></package></packages></coverage>